\BOOKMARK [1][-]{section.1}{\376\377\000I\000n\000t\000r\000o\000d\000u\000\347\000\343\000o}{}% 1
\BOOKMARK [1][-]{section.2}{\376\377\000E\000x\000p\000l\000i\000c\000a\000\347\000\343\000o\000\040\000d\000a\000s\000\040\000F\000u\000n\000\347\000\365\000e\000s}{}% 2
\BOOKMARK [2][-]{subsection.2.1}{\376\377\000F\000u\000n\000\347\000\343\000o\000\040\000d\000e\000c\000o\000m\000p\000o\000n\000d\000o}{section.2}% 3
\BOOKMARK [2][-]{subsection.2.2}{\376\377\000F\000u\000n\000\347\000\343\000o\000\040\000m\000i\000l\000l\000e\000r\000\137\000r\000a\000b\000i\000n}{section.2}% 4
\BOOKMARK [2][-]{subsection.2.3}{\376\377\000F\000u\000n\000\347\000\343\000o\000\040\000m\000g\000f\0001}{section.2}% 5
\BOOKMARK [2][-]{subsection.2.4}{\376\377\000F\000u\000n\000\347\000\365\000e\000s\000\040\000s\000h\000i\000f\000t\000\137\000l\000e\000f\000t\000\040\000e\000\040\000s\000h\000i\000f\000t\000\137\000r\000i\000g\000h\000t}{section.2}% 6
\BOOKMARK [2][-]{subsection.2.5}{\376\377\000F\000u\000n\000\347\000\343\000o\000\040\000m\000s\000b}{section.2}% 7
\BOOKMARK [2][-]{subsection.2.6}{\376\377\000F\000u\000n\000\347\000\343\000o\000\040\000n\000u\000m\000b\000e\000r\000\137\000o\000f\000\137\000b\000i\000t\000s}{section.2}% 8
\BOOKMARK [2][-]{subsection.2.7}{\376\377\000F\000u\000n\000\347\000\343\000o\000\040\000D\000B}{section.2}% 9
\BOOKMARK [2][-]{subsection.2.8}{\376\377\000F\000u\000n\000\347\000\343\000o\000\040\000p\000r\000i\000m\000e\000\137\000n\000u\000m\000b\000e\000r\000s}{section.2}% 10
\BOOKMARK [2][-]{subsection.2.9}{\376\377\000F\000u\000n\000\347\000\343\000o\000\040\000e\000n\000c\000\137\000o\000a\000e\000p}{section.2}% 11
\BOOKMARK [2][-]{subsection.2.10}{\376\377\000F\000u\000n\000\347\000\343\000o\000\040\000d\000e\000c\000\137\000o\000a\000e\000p}{section.2}% 12
\BOOKMARK [2][-]{subsection.2.11}{\376\377\000F\000u\000n\000\347\000\343\000o\000\040\000m\000u\000l\000t\000i\000p\000l\000i\000c\000a\000t\000i\000v\000e\000\137\000i\000n\000v\000e\000r\000s\000e}{section.2}% 13
\BOOKMARK [2][-]{subsection.2.12}{\376\377\000F\000u\000n\000\347\000\365\000e\000s\000\040\000b\000a\000s\000e\0006\0004\000\137\000e\000n\000c\000o\000d\000e\000\040\000e\000\040\000b\000a\000s\000e\0006\0004\000\137\000d\000e\000c\000o\000d\000e}{section.2}% 14
\BOOKMARK [2][-]{subsection.2.13}{\376\377\000F\000u\000n\000\347\000\365\000e\000s\000\040\000e\000n\000c\000\137\000r\000s\000a\000\040\000e\000\040\000d\000e\000c\000\137\000r\000s\000a}{section.2}% 15
\BOOKMARK [2][-]{subsection.2.14}{\376\377\000F\000u\000n\000\347\000\365\000e\000s\000\040\000a\000s\000s\000i\000n\000a\000t\000u\000r\000a\000\137\000c\000o\000m\000\137\000r\000s\000a\000\040\000e\000\040\000v\000e\000r\000i\000f\000i\000c\000a\000r\000\137\000a\000s\000s\000i\000n\000a\000t\000u\000r\000a\000\137\000c\000o\000m\000\137\000r\000s\000a}{section.2}% 16
\BOOKMARK [2][-]{subsection.2.15}{\376\377\000C\000\363\000d\000i\000g\000o\000\040\000d\000e\000\040\000t\000e\000s\000t\000e}{section.2}% 17
\BOOKMARK [2][-]{subsection.2.16}{\376\377\000I\000m\000p\000r\000e\000s\000s\000\343\000o\000\040\000d\000o\000s\000\040\000r\000e\000s\000u\000l\000t\000a\000d\000o\000s}{section.2}% 18
\BOOKMARK [1][-]{section.3}{\376\377\000F\000l\000u\000x\000o\000\040\000G\000e\000r\000a\000l\000\040\000d\000o\000\040\000C\000\363\000d\000i\000g\000o}{}% 19
\BOOKMARK [1][-]{section.4}{\376\377\000C\000o\000n\000c\000l\000u\000s\000\343\000o}{}% 20
